Using pre-set license
Built from '2022.3/staging' branch; Version is '2022.3.17f1 (4fc78088f837) revision 5228416'; Using compiler version '192829333'; Build Type 'Release'
OS: 'Windows 10  (10.0.19045) 64bit Core' Language: 'ko' Physical Memory: 16338 MB
BatchMode: 1, IsHumanControllingUs: 0, StartBugReporterOnCrash: 0, Is64bit: 1, IsPro: 1

COMMAND LINE ARGUMENTS:
D:\Unity\2022.3.17f1\Editor\Unity.exe
-adb2
-batchMode
-noUpm
-name
AssetImportWorker4
-projectPath
D:/zzondy/Git/SpartaTown/SpartaTown
-logFile
Logs/AssetImportWorker4.log
-srvPort
52642
Successfully changed project path to: D:/zzondy/Git/SpartaTown/SpartaTown
D:/zzondy/Git/SpartaTown/SpartaTown
[UnityMemory] Configuration Parameters - Can be set up in boot.config
    "memorysetup-bucket-allocator-granularity=16"
    "memorysetup-bucket-allocator-bucket-count=8"
    "memorysetup-bucket-allocator-block-size=33554432"
    "memorysetup-bucket-allocator-block-count=8"
    "memorysetup-main-allocator-block-size=16777216"
    "memorysetup-thread-allocator-block-size=16777216"
    "memorysetup-gfx-main-allocator-block-size=16777216"
    "memorysetup-gfx-thread-allocator-block-size=16777216"
    "memorysetup-cache-allocator-block-size=4194304"
    "memorysetup-typetree-allocator-block-size=2097152"
    "memorysetup-profiler-bucket-allocator-granularity=16"
    "memorysetup-profiler-bucket-allocator-bucket-count=8"
    "memorysetup-profiler-bucket-allocator-block-size=33554432"
    "memorysetup-profiler-bucket-allocator-block-count=8"
    "memorysetup-profiler-allocator-block-size=16777216"
    "memorysetup-profiler-editor-allocator-block-size=1048576"
    "memorysetup-temp-allocator-size-main=16777216"
    "memorysetup-job-temp-allocator-block-size=2097152"
    "memorysetup-job-temp-allocator-block-size-background=1048576"
    "memorysetup-job-temp-allocator-reduction-small-platforms=262144"
    "memorysetup-allocator-temp-initial-block-size-main=262144"
    "memorysetup-allocator-temp-initial-block-size-worker=262144"
    "memorysetup-temp-allocator-size-background-worker=32768"
    "memorysetup-temp-allocator-size-job-worker=262144"
    "memorysetup-temp-allocator-size-preload-manager=33554432"
    "memorysetup-temp-allocator-size-nav-mesh-worker=65536"
    "memorysetup-temp-allocator-size-audio-worker=65536"
    "memorysetup-temp-allocator-size-cloud-worker=32768"
    "memorysetup-temp-allocator-size-gi-baking-worker=262144"
    "memorysetup-temp-allocator-size-gfx=262144"
Player connection [15016] Host "[IP] 59.11.104.19 [Port] 0 [Flags] 2 [Guid] 3640379069 [EditorId] 3640379069 [Version] 1048832 [Id] WindowsEditor(7,DESKTOP-1R6G4V3) [Debug] 1 [PackageName] WindowsEditor [ProjectName] Editor" joined multi-casting on [225.0.0.222:54997]...

Player connection [15016] Host "[IP] 59.11.104.19 [Port] 0 [Flags] 2 [Guid] 3640379069 [EditorId] 3640379069 [Version] 1048832 [Id] WindowsEditor(7,DESKTOP-1R6G4V3) [Debug] 1 [PackageName] WindowsEditor [ProjectName] Editor" joined alternative multi-casting on [225.0.0.222:34997]...

[Physics::Module] Initialized MultithreadedJobDispatcher with 11 workers.
Refreshing native plugins compatible for Editor in 13.20 ms, found 4 plugins.
Preloading 0 native plugins for Editor in 0.00 ms.
Initialize engine version: 2022.3.17f1 (4fc78088f837)
[Subsystems] Discovering subsystems at path D:/Unity/2022.3.17f1/Editor/Data/Resources/UnitySubsystems
[Subsystems] Discovering subsystems at path D:/zzondy/Git/SpartaTown/SpartaTown/Assets
GfxDevice: creating device client; threaded=0; jobified=0
Direct3D:
    Version:  Direct3D 11.0 [level 11.1]
    Renderer: NVIDIA GeForce GTX 1070 Ti (ID=0x1b82)
    Vendor:   NVIDIA
    VRAM:     8073 MB
    Driver:   31.0.15.4584
Initialize mono
Mono path[0] = 'D:/Unity/2022.3.17f1/Editor/Data/Managed'
Mono path[1] = 'D:/Unity/2022.3.17f1/Editor/Data/MonoBleedingEdge/lib/mono/unityjit-win32'
Mono config path = 'D:/Unity/2022.3.17f1/Editor/Data/MonoBleedingEdge/etc'
Using monoOptions --debugger-agent=transport=dt_socket,embedding=1,server=y,suspend=n,address=127.0.0.1:56628
Begin MonoManager ReloadAssembly
Registering precompiled unity dll's ...
Register platform support module: D:/Unity/2022.3.17f1/Editor/Data/PlaybackEngines/WindowsStandaloneSupport/UnityEditor.WindowsStandalone.Extensions.dll
Registered in 0.005256 seconds.
- Loaded All Assemblies, in  0.392 seconds
Native extension for WindowsStandalone target not found
Mono: successfully reloaded assembly
- Finished resetting the current domain, in  0.320 seconds
Domain Reload Profiling: 711ms
	BeginReloadAssembly (113ms)
		ExecutionOrderSort (0ms)
		DisableScriptedObjects (0ms)
		BackupInstance (0ms)
		ReleaseScriptingObjects (0ms)
		CreateAndSetChildDomain (1ms)
	RebuildCommonClasses (34ms)
	RebuildNativeTypeToScriptingClass (11ms)
	initialDomainReloadingComplete (51ms)
	LoadAllAssembliesAndSetupDomain (183ms)
		LoadAssemblies (112ms)
		RebuildTransferFunctionScriptingTraits (0ms)
		AnalyzeDomain (181ms)
			TypeCache.Refresh (180ms)
				TypeCache.ScanAssembly (163ms)
			ScanForSourceGeneratedMonoScriptInfo (0ms)
			ResolveRequiredComponents (0ms)
	FinalizeReload (320ms)
		ReleaseScriptCaches (0ms)
		RebuildScriptCaches (0ms)
		SetupLoadedEditorAssemblies (248ms)
			LogAssemblyErrors (0ms)
			InitializePlatformSupportModulesInManaged (11ms)
			SetLoadedEditorAssemblies (10ms)
			RefreshPlugins (0ms)
			BeforeProcessingInitializeOnLoad (3ms)
			ProcessInitializeOnLoadAttributes (164ms)
			ProcessInitializeOnLoadMethodAttributes (60ms)
			AfterProcessingInitializeOnLoad (0ms)
			EditorAssembliesLoaded (0ms)
		ExecutionOrderSort2 (0ms)
		AwakeInstancesAfterBackupRestoration (0ms)
========================================================================
Worker process is ready to serve import requests
Begin MonoManager ReloadAssembly
- Loaded All Assemblies, in  0.645 seconds
Refreshing native plugins compatible for Editor in 5.08 ms, found 4 plugins.
Native extension for WindowsStandalone target not found
Package Manager log level set to [2]
[Package Manager] Server::EnsureServerProcessIsRunning -- launch failed, reason: Unity was launched with the -noUpm command-line argument
[Package Manager] UpmClient::Send -- Unable to send message (not connected to UPM process).
[Package Manager] Cannot connect to Unity Package Manager local server
Mono: successfully reloaded assembly
- Finished resetting the current domain, in  0.746 seconds
Domain Reload Profiling: 1390ms
	BeginReloadAssembly (149ms)
		ExecutionOrderSort (0ms)
		DisableScriptedObjects (6ms)
		BackupInstance (0ms)
		ReleaseScriptingObjects (0ms)
		CreateAndSetChildDomain (21ms)
	RebuildCommonClasses (31ms)
	RebuildNativeTypeToScriptingClass (10ms)
	initialDomainReloadingComplete (38ms)
	LoadAllAssembliesAndSetupDomain (416ms)
		LoadAssemblies (329ms)
		RebuildTransferFunctionScriptingTraits (0ms)
		AnalyzeDomain (177ms)
			TypeCache.Refresh (148ms)
				TypeCache.ScanAssembly (133ms)
			ScanForSourceGeneratedMonoScriptInfo (22ms)
			ResolveRequiredComponents (5ms)
	FinalizeReload (746ms)
		ReleaseScriptCaches (0ms)
		RebuildScriptCaches (0ms)
		SetupLoadedEditorAssemblies (573ms)
			LogAssemblyErrors (0ms)
			InitializePlatformSupportModulesInManaged (6ms)
			SetLoadedEditorAssemblies (4ms)
			RefreshPlugins (0ms)
			BeforeProcessingInitializeOnLoad (109ms)
			ProcessInitializeOnLoadAttributes (416ms)
			ProcessInitializeOnLoadMethodAttributes (35ms)
			AfterProcessingInitializeOnLoad (4ms)
			EditorAssembliesLoaded (0ms)
		ExecutionOrderSort2 (0ms)
		AwakeInstancesAfterBackupRestoration (16ms)
Launched and connected shader compiler UnityShaderCompiler.exe after 0.06 seconds
Refreshing native plugins compatible for Editor in 3.63 ms, found 4 plugins.
Preloading 0 native plugins for Editor in 0.00 ms.
Unloading 4028 Unused Serialized files (Serialized files now loaded: 0)
Unloading 70 unused Assets / (244.8 KB). Loaded Objects now: 4483.
Memory consumption went from 145.1 MB to 144.8 MB.
Total: 3.456100 ms (FindLiveObjects: 0.361000 ms CreateObjectMapping: 0.299500 ms MarkObjects: 2.600600 ms  DeleteObjects: 0.194200 ms)

AssetImportParameters requested are different than current active one (requested -> active):
  custom:container-demuxer-ogg: 62fdf1f143b41e24485cea50d1cbac27 -> 
  custom:video-decoder-ogg-theora: a1e56fd34408186e4bbccfd4996cb3dc -> 
  custom:framework-win-MediaFoundation: 216162199b28c13a410421893ffa2e32 -> 
  custom:CustomObjectIndexerAttribute: 6d391050e5a25f67b0a2c618074f2cd9 -> 
  custom:scripting/monoscript/fileName/LayerTrigger.cs: 949eaa5cbbace5cb99a3cd3cb175e850 -> 
  custom:container-demuxer-webm: 4f35f7cbe854078d1ac9338744f61a02 -> 
  custom:scripting/monoscript/fileName/SpriteColorAnimation.cs: 4b60499cc4c43b7b4a7721f49f3235e7 -> 
  custom:scripting/monoscript/fileName/CameraFollow.cs: 0eb351f923cdcb0d7750461aab444863 -> 
  custom:container-muxer-webm: aa71ff27fc2769a1b78a27578f13a17b -> 
  custom:video-decoder-webm-vp8: 9c59270c3fd7afecdb556c50c9e8de78 -> 
  custom:SearchIndexIgnoredProperties: e643bd26f0fe6173181afceb89e7c659 -> 
  custom:AudioImporter_EditorPlatform: d09bf68614088b80899f8185d706f6e7 -> 
  custom:scripting/monoscript/fileName/TopDownCharacterController.cs: 6a72fae984a5b5ba0e1cf975f6787b9a -> 
  custom:video-encoder-webm-vp8: eb34c28f22e8b96e1ab97ce403110664 -> 
  custom:scripting/monoscript/fileName/PropsAltar.cs: 330897db6e74a178c13f23e82287a5f7 -> 
  custom:audio-decoder-ogg-vorbis: bf7c407c2cedff20999df2af8eb42d56 -> 
  custom:audio-encoder-webm-vorbis: bf7c407c2cedff20999df2af8eb42d56 -> 
========================================================================
Received Import Request.
  Time since last request: 727773.275732 seconds.
  path: Assets/Hero Knight - Pixel Art/Sprites/Background.png
  artifactKey: Guid(33dccf83b7f7f294992c97ebe1990464) Importer(815301076,1909f56bfc062723c751e8b465ee728b)
Start importing Assets/Hero Knight - Pixel Art/Sprites/Background.png using Guid(33dccf83b7f7f294992c97ebe1990464) Importer(815301076,1909f56bfc062723c751e8b465ee728b)  -> (artifact id: '646005b5f406df150e8f9e546eaa1e65') in 0.112439 seconds
Number of updated asset objects reloaded before import = 0
Number of asset objects unloaded after import = 3
========================================================================
Received Import Request.
  Time since last request: 0.000039 seconds.
  path: Assets/Hero Knight - Pixel Art/Sprites/HeroKnight.png
  artifactKey: Guid(ae297123f091bbf4e8f1835eb98fb293) Importer(815301076,1909f56bfc062723c751e8b465ee728b)
Start importing Assets/Hero Knight - Pixel Art/Sprites/HeroKnight.png using Guid(ae297123f091bbf4e8f1835eb98fb293) Importer(815301076,1909f56bfc062723c751e8b465ee728b)  -> (artifact id: '89160c01b1f036e0fb771d2910539f53') in 0.220380 seconds
Number of updated asset objects reloaded before import = 0
Number of asset objects unloaded after import = 92
========================================================================
Received Import Request.
  Time since last request: 77.604106 seconds.
  path: Assets/Hero Knight - Pixel Art/Animations/BlockFlash.anim
  artifactKey: Guid(f9a95a6e6af4f954fad139486ce1e0ef) Importer(815301076,1909f56bfc062723c751e8b465ee728b)
Start importing Assets/Hero Knight - Pixel Art/Animations/BlockFlash.anim using Guid(f9a95a6e6af4f954fad139486ce1e0ef) Importer(815301076,1909f56bfc062723c751e8b465ee728b)  -> (artifact id: '6d1125a32e1ed0334ed1a629ab5537dc') in 0.001307 seconds
Number of updated asset objects reloaded before import = 0
Number of asset objects unloaded after import = 1
========================================================================
Received Import Request.
  Time since last request: 3.094037 seconds.
  path: Assets/Hero Knight - Pixel Art/Animations/BlockFlash_AnimController.controller
  artifactKey: Guid(10404af511fc2ec42a4f9a8af2e53bb7) Importer(815301076,1909f56bfc062723c751e8b465ee728b)
Start importing Assets/Hero Knight - Pixel Art/Animations/BlockFlash_AnimController.controller using Guid(10404af511fc2ec42a4f9a8af2e53bb7) Importer(815301076,1909f56bfc062723c751e8b465ee728b)  -> (artifact id: '34415dcf04415e018630978d7d3ffcba') in 0.002032 seconds
Number of updated asset objects reloaded before import = 0
Number of asset objects unloaded after import = 4
========================================================================
Received Import Request.
  Time since last request: 3.989950 seconds.
  path: Assets/Hero Knight - Pixel Art/Animations/HeroKnight_AnimController.controller
  artifactKey: Guid(3c2a5b7097b0fe44394328c0bdb9252e) Importer(815301076,1909f56bfc062723c751e8b465ee728b)
Start importing Assets/Hero Knight - Pixel Art/Animations/HeroKnight_AnimController.controller using Guid(3c2a5b7097b0fe44394328c0bdb9252e) Importer(815301076,1909f56bfc062723c751e8b465ee728b)  -> (artifact id: '70f010325d5702570c9e3e01fb1d117f') in 0.004706 seconds
Number of updated asset objects reloaded before import = 0
Number of asset objects unloaded after import = 55
========================================================================
Received Import Request.
  Time since last request: 87.920733 seconds.
  path: Assets/Hero Knight - Pixel Art/Animations/SlideDust.controller
  artifactKey: Guid(562668619d47d0949b76b61cd4cd5af5) Importer(815301076,1909f56bfc062723c751e8b465ee728b)
Start importing Assets/Hero Knight - Pixel Art/Animations/SlideDust.controller using Guid(562668619d47d0949b76b61cd4cd5af5) Importer(815301076,1909f56bfc062723c751e8b465ee728b)  -> (artifact id: '96257b22af704c8a169a4ac8d2f63895') in 0.001394 seconds
Number of updated asset objects reloaded before import = 0
Number of asset objects unloaded after import = 4
========================================================================
Received Import Request.
  Time since last request: 43.828745 seconds.
  path: Assets/Hero Knight - Pixel Art/Animations/HeroKnight_Attack1.anim
  artifactKey: Guid(0bafac48b1090284da2048c29bc986ff) Importer(815301076,1909f56bfc062723c751e8b465ee728b)
Start importing Assets/Hero Knight - Pixel Art/Animations/HeroKnight_Attack1.anim using Guid(0bafac48b1090284da2048c29bc986ff) Importer(815301076,1909f56bfc062723c751e8b465ee728b)  -> (artifact id: '43a82335056dfc16824f1d125040d4ae') in 0.001027 seconds
Number of updated asset objects reloaded before import = 0
Number of asset objects unloaded after import = 1
========================================================================
Received Import Request.
  Time since last request: 4.601722 seconds.
  path: Assets/Hero Knight - Pixel Art/Animations/HeroKnight_Attack2.anim
  artifactKey: Guid(3688e492878501d4882fffca4cb3bbff) Importer(815301076,1909f56bfc062723c751e8b465ee728b)
Start importing Assets/Hero Knight - Pixel Art/Animations/HeroKnight_Attack2.anim using Guid(3688e492878501d4882fffca4cb3bbff) Importer(815301076,1909f56bfc062723c751e8b465ee728b)  -> (artifact id: 'fd20614daa525d81ff16da5055da8809') in 0.000891 seconds
Number of updated asset objects reloaded before import = 0
Number of asset objects unloaded after import = 1
========================================================================
Received Import Request.
  Time since last request: 0.540533 seconds.
  path: Assets/Hero Knight - Pixel Art/Animations/HeroKnight_Attack3.anim
  artifactKey: Guid(c42aa71ad221ea349a7ee113bb662657) Importer(815301076,1909f56bfc062723c751e8b465ee728b)
Start importing Assets/Hero Knight - Pixel Art/Animations/HeroKnight_Attack3.anim using Guid(c42aa71ad221ea349a7ee113bb662657) Importer(815301076,1909f56bfc062723c751e8b465ee728b)  -> (artifact id: '37f3773afda4931626620b7cccbe9edb') in 0.000972 seconds
Number of updated asset objects reloaded before import = 0
Number of asset objects unloaded after import = 1
========================================================================
Received Import Request.
  Time since last request: 0.417383 seconds.
  path: Assets/Hero Knight - Pixel Art/Animations/HeroKnight_Block.anim
  artifactKey: Guid(8343e24825085354186de10f6f858f08) Importer(815301076,1909f56bfc062723c751e8b465ee728b)
Start importing Assets/Hero Knight - Pixel Art/Animations/HeroKnight_Block.anim using Guid(8343e24825085354186de10f6f858f08) Importer(815301076,1909f56bfc062723c751e8b465ee728b)  -> (artifact id: 'd216ce7b6f7bdb2e2f883b90725bd9f4') in 0.001013 seconds
Number of updated asset objects reloaded before import = 0
Number of asset objects unloaded after import = 1
========================================================================
Received Import Request.
  Time since last request: 0.859779 seconds.
  path: Assets/Hero Knight - Pixel Art/Animations/HeroKnight_BlockIdle.anim
  artifactKey: Guid(5b40edfa3ab173045936606cf6d81c11) Importer(815301076,1909f56bfc062723c751e8b465ee728b)
Start importing Assets/Hero Knight - Pixel Art/Animations/HeroKnight_BlockIdle.anim using Guid(5b40edfa3ab173045936606cf6d81c11) Importer(815301076,1909f56bfc062723c751e8b465ee728b)  -> (artifact id: '991b5f2ea83e35e77ce1002d1face21f') in 0.000886 seconds
Number of updated asset objects reloaded before import = 0
Number of asset objects unloaded after import = 1
========================================================================
Received Import Request.
  Time since last request: 0.366221 seconds.
  path: Assets/Hero Knight - Pixel Art/Animations/HeroKnight_BlockNoEffect.anim
  artifactKey: Guid(e1766179ce796d846a3e4dc2f577e234) Importer(815301076,1909f56bfc062723c751e8b465ee728b)
Start importing Assets/Hero Knight - Pixel Art/Animations/HeroKnight_BlockNoEffect.anim using Guid(e1766179ce796d846a3e4dc2f577e234) Importer(815301076,1909f56bfc062723c751e8b465ee728b)  -> (artifact id: '58df0c369b558db35472b1a041feb547') in 0.000874 seconds
Number of updated asset objects reloaded before import = 0
Number of asset objects unloaded after import = 1
========================================================================
Received Import Request.
  Time since last request: 0.639120 seconds.
  path: Assets/Hero Knight - Pixel Art/Animations/HeroKnight_Death.anim
  artifactKey: Guid(d2566ec8b252342449771d8abf45a00a) Importer(815301076,1909f56bfc062723c751e8b465ee728b)
Start importing Assets/Hero Knight - Pixel Art/Animations/HeroKnight_Death.anim using Guid(d2566ec8b252342449771d8abf45a00a) Importer(815301076,1909f56bfc062723c751e8b465ee728b)  -> (artifact id: 'b9b8140cdf26efd7ec961a3de64e3114') in 0.001282 seconds
Number of updated asset objects reloaded before import = 0
Number of asset objects unloaded after import = 1
========================================================================
Received Import Request.
  Time since last request: 1.026795 seconds.
  path: Assets/Hero Knight - Pixel Art/Animations/HeroKnight_DeathNoBlood.anim
  artifactKey: Guid(28a7dd162c70bb044953a047ddabf012) Importer(815301076,1909f56bfc062723c751e8b465ee728b)
Start importing Assets/Hero Knight - Pixel Art/Animations/HeroKnight_DeathNoBlood.anim using Guid(28a7dd162c70bb044953a047ddabf012) Importer(815301076,1909f56bfc062723c751e8b465ee728b)  -> (artifact id: '318f0eb07aacdae4a42850447e0490a8') in 0.001027 seconds
Number of updated asset objects reloaded before import = 0
Number of asset objects unloaded after import = 1
========================================================================
Received Import Request.
  Time since last request: 1.457662 seconds.
  path: Assets/Hero Knight - Pixel Art/Animations/HeroKnight_Fall.anim
  artifactKey: Guid(dd8f4cf2e37ede148ba7ae01f7b60168) Importer(815301076,1909f56bfc062723c751e8b465ee728b)
Start importing Assets/Hero Knight - Pixel Art/Animations/HeroKnight_Fall.anim using Guid(dd8f4cf2e37ede148ba7ae01f7b60168) Importer(815301076,1909f56bfc062723c751e8b465ee728b)  -> (artifact id: '3833c8e31f3bcc4f56c13dcebefec0ad') in 0.000860 seconds
Number of updated asset objects reloaded before import = 0
Number of asset objects unloaded after import = 1
========================================================================
Received Import Request.
  Time since last request: 0.753530 seconds.
  path: Assets/Hero Knight - Pixel Art/Animations/HeroKnight_Hurt.anim
  artifactKey: Guid(58a4d227816c28f4a8c59266bf74969b) Importer(815301076,1909f56bfc062723c751e8b465ee728b)
Start importing Assets/Hero Knight - Pixel Art/Animations/HeroKnight_Hurt.anim using Guid(58a4d227816c28f4a8c59266bf74969b) Importer(815301076,1909f56bfc062723c751e8b465ee728b)  -> (artifact id: '407fcecf810a06f78ad0ad7dcaaa7a88') in 0.000867 seconds
Number of updated asset objects reloaded before import = 0
Number of asset objects unloaded after import = 1
========================================================================
Received Import Request.
  Time since last request: 0.568539 seconds.
  path: Assets/Hero Knight - Pixel Art/Animations/HeroKnight_Idle.anim
  artifactKey: Guid(bc491eda18313944992f294a35d8f6d2) Importer(815301076,1909f56bfc062723c751e8b465ee728b)
Start importing Assets/Hero Knight - Pixel Art/Animations/HeroKnight_Idle.anim using Guid(bc491eda18313944992f294a35d8f6d2) Importer(815301076,1909f56bfc062723c751e8b465ee728b)  -> (artifact id: '6a05260710545757dffeef06ae230529') in 0.001216 seconds
Number of updated asset objects reloaded before import = 0
Number of asset objects unloaded after import = 1
========================================================================
Received Import Request.
  Time since last request: 0.358759 seconds.
  path: Assets/Hero Knight - Pixel Art/Animations/HeroKnight_IdleBlock.anim
  artifactKey: Guid(e1f22af3d2d63dd4caa8b2d637dbb1a3) Importer(815301076,1909f56bfc062723c751e8b465ee728b)
Start importing Assets/Hero Knight - Pixel Art/Animations/HeroKnight_IdleBlock.anim using Guid(e1f22af3d2d63dd4caa8b2d637dbb1a3) Importer(815301076,1909f56bfc062723c751e8b465ee728b)  -> (artifact id: '924165211ea250d53ee63eda545abd69') in 0.001024 seconds
Number of updated asset objects reloaded before import = 0
Number of asset objects unloaded after import = 1
========================================================================
Received Import Request.
  Time since last request: 359.362342 seconds.
  path: Assets/Hero Knight - Pixel Art/Animations/HeroKnight_Jump.anim
  artifactKey: Guid(0cfe2276959603e40904eecacdfa08fc) Importer(815301076,1909f56bfc062723c751e8b465ee728b)
Start importing Assets/Hero Knight - Pixel Art/Animations/HeroKnight_Jump.anim using Guid(0cfe2276959603e40904eecacdfa08fc) Importer(815301076,1909f56bfc062723c751e8b465ee728b)  -> (artifact id: 'e4bf75742961b5901393d13615a4e759') in 0.001260 seconds
Number of updated asset objects reloaded before import = 0
Number of asset objects unloaded after import = 1
========================================================================
Received Import Request.
  Time since last request: 0.587383 seconds.
  path: Assets/Hero Knight - Pixel Art/Animations/HeroKnight_LedgeGrab.anim
  artifactKey: Guid(9a881475a8d1d654a9e5197691aada5d) Importer(815301076,1909f56bfc062723c751e8b465ee728b)
Start importing Assets/Hero Knight - Pixel Art/Animations/HeroKnight_LedgeGrab.anim using Guid(9a881475a8d1d654a9e5197691aada5d) Importer(815301076,1909f56bfc062723c751e8b465ee728b)  -> (artifact id: '2a982d6e53960637df624712e8657f14') in 0.000974 seconds
Number of updated asset objects reloaded before import = 0
Number of asset objects unloaded after import = 1
========================================================================
Received Import Request.
  Time since last request: 1.039188 seconds.
  path: Assets/Hero Knight - Pixel Art/Animations/HeroKnight_Roll.anim
  artifactKey: Guid(5118900a0fbea814ea3ffb8fada43696) Importer(815301076,1909f56bfc062723c751e8b465ee728b)
Start importing Assets/Hero Knight - Pixel Art/Animations/HeroKnight_Roll.anim using Guid(5118900a0fbea814ea3ffb8fada43696) Importer(815301076,1909f56bfc062723c751e8b465ee728b)  -> (artifact id: 'eed33d9f6aadd1e3e467e5402b52f976') in 0.001306 seconds
Number of updated asset objects reloaded before import = 0
Number of asset objects unloaded after import = 1
========================================================================
Received Import Request.
  Time since last request: 0.392878 seconds.
  path: Assets/Hero Knight - Pixel Art/Animations/HeroKnight_Run.anim
  artifactKey: Guid(e58542e6cdcad974284618515fe0cf15) Importer(815301076,1909f56bfc062723c751e8b465ee728b)
Start importing Assets/Hero Knight - Pixel Art/Animations/HeroKnight_Run.anim using Guid(e58542e6cdcad974284618515fe0cf15) Importer(815301076,1909f56bfc062723c751e8b465ee728b)  -> (artifact id: '86447b96a8b930543652d9c9e2c20d90') in 0.001209 seconds
Number of updated asset objects reloaded before import = 0
Number of asset objects unloaded after import = 1
========================================================================
Received Import Request.
  Time since last request: 0.349997 seconds.
  path: Assets/Hero Knight - Pixel Art/Animations/HeroKnight_WallSlide.anim
  artifactKey: Guid(5a35959702075e04f8f61c130192a2d3) Importer(815301076,1909f56bfc062723c751e8b465ee728b)
Start importing Assets/Hero Knight - Pixel Art/Animations/HeroKnight_WallSlide.anim using Guid(5a35959702075e04f8f61c130192a2d3) Importer(815301076,1909f56bfc062723c751e8b465ee728b)  -> (artifact id: 'c0ce53bb93f2ccba4dc8835ad8a12fe3') in 0.000858 seconds
Number of updated asset objects reloaded before import = 0
Number of asset objects unloaded after import = 1
========================================================================
Received Import Request.
  Time since last request: 1.005694 seconds.
  path: Assets/Hero Knight - Pixel Art/Animations/SlideDust.anim
  artifactKey: Guid(bd6fb9b284d6e4740bd5aff8b767fd25) Importer(815301076,1909f56bfc062723c751e8b465ee728b)
Start importing Assets/Hero Knight - Pixel Art/Animations/SlideDust.anim using Guid(bd6fb9b284d6e4740bd5aff8b767fd25) Importer(815301076,1909f56bfc062723c751e8b465ee728b)  -> (artifact id: 'e7d083c46070e139de4d3044c2f03f97') in 0.000927 seconds
Number of updated asset objects reloaded before import = 0
Number of asset objects unloaded after import = 1
========================================================================
Received Prepare
Begin MonoManager ReloadAssembly
- Loaded All Assemblies, in  0.488 seconds
Refreshing native plugins compatible for Editor in 3.77 ms, found 4 plugins.
Native extension for WindowsStandalone target not found
[Package Manager] Server::EnsureServerProcessIsRunning -- launch failed, reason: Unity was launched with the -noUpm command-line argument
[Package Manager] UpmClient::Send -- Unable to send message (not connected to UPM process).
[Package Manager] Cannot connect to Unity Package Manager local server
Mono: successfully reloaded assembly
- Finished resetting the current domain, in  1.180 seconds
Domain Reload Profiling: 1667ms
	BeginReloadAssembly (167ms)
		ExecutionOrderSort (0ms)
		DisableScriptedObjects (11ms)
		BackupInstance (0ms)
		ReleaseScriptingObjects (0ms)
		CreateAndSetChildDomain (38ms)
	RebuildCommonClasses (31ms)
	RebuildNativeTypeToScriptingClass (11ms)
	initialDomainReloadingComplete (25ms)
	LoadAllAssembliesAndSetupDomain (252ms)
		LoadAssemblies (317ms)
		RebuildTransferFunctionScriptingTraits (0ms)
		AnalyzeDomain (24ms)
			TypeCache.Refresh (9ms)
				TypeCache.ScanAssembly (0ms)
			ScanForSourceGeneratedMonoScriptInfo (9ms)
			ResolveRequiredComponents (5ms)
	FinalizeReload (1180ms)
		ReleaseScriptCaches (0ms)
		RebuildScriptCaches (0ms)
		SetupLoadedEditorAssemblies (625ms)
			LogAssemblyErrors (0ms)
			InitializePlatformSupportModulesInManaged (7ms)
			SetLoadedEditorAssemblies (5ms)
			RefreshPlugins (0ms)
			BeforeProcessingInitializeOnLoad (117ms)
			ProcessInitializeOnLoadAttributes (459ms)
			ProcessInitializeOnLoadMethodAttributes (33ms)
			AfterProcessingInitializeOnLoad (4ms)
			EditorAssembliesLoaded (0ms)
		ExecutionOrderSort2 (0ms)
		AwakeInstancesAfterBackupRestoration (25ms)
Refreshing native plugins compatible for Editor in 3.73 ms, found 4 plugins.
Preloading 0 native plugins for Editor in 0.00 ms.
Unloading 4023 Unused Serialized files (Serialized files now loaded: 0)
Unloading 42 unused Assets / (217.0 KB). Loaded Objects now: 4499.
Memory consumption went from 149.9 MB to 149.7 MB.
Total: 3.732800 ms (FindLiveObjects: 0.523600 ms CreateObjectMapping: 0.424200 ms MarkObjects: 2.612400 ms  DeleteObjects: 0.171400 ms)

Prepare: number of updated asset objects reloaded= 0
AssetImportParameters requested are different than current active one (requested -> active):
  custom:container-demuxer-ogg: 62fdf1f143b41e24485cea50d1cbac27 -> 
  custom:video-decoder-ogg-theora: a1e56fd34408186e4bbccfd4996cb3dc -> 
  custom:framework-win-MediaFoundation: 216162199b28c13a410421893ffa2e32 -> 
  custom:CustomObjectIndexerAttribute: 6d391050e5a25f67b0a2c618074f2cd9 -> 
  custom:scripting/monoscript/fileName/LayerTrigger.cs: 949eaa5cbbace5cb99a3cd3cb175e850 -> 
  custom:container-demuxer-webm: 4f35f7cbe854078d1ac9338744f61a02 -> 
  custom:scripting/monoscript/fileName/SpriteColorAnimation.cs: 4b60499cc4c43b7b4a7721f49f3235e7 -> 
  custom:scripting/monoscript/fileName/CameraFollow.cs: 0eb351f923cdcb0d7750461aab444863 -> 
  custom:container-muxer-webm: aa71ff27fc2769a1b78a27578f13a17b -> 
  custom:video-decoder-webm-vp8: 9c59270c3fd7afecdb556c50c9e8de78 -> 
  custom:SearchIndexIgnoredProperties: e643bd26f0fe6173181afceb89e7c659 -> 
  custom:AudioImporter_EditorPlatform: d09bf68614088b80899f8185d706f6e7 -> 
  custom:scripting/monoscript/fileName/TopDownCharacterController.cs: 6a72fae984a5b5ba0e1cf975f6787b9a -> 
  custom:video-encoder-webm-vp8: eb34c28f22e8b96e1ab97ce403110664 -> 
  custom:scripting/monoscript/fileName/PropsAltar.cs: 330897db6e74a178c13f23e82287a5f7 -> 
  custom:audio-decoder-ogg-vorbis: bf7c407c2cedff20999df2af8eb42d56 -> 
  custom:audio-encoder-webm-vorbis: bf7c407c2cedff20999df2af8eb42d56 -> 
========================================================================
Received Import Request.
  Time since last request: 705.205724 seconds.
  path: Assets/Scripts/Manager/Input.cs
  artifactKey: Guid(fcd62d4afa97513498e31b3b46fe1dc7) Importer(815301076,1909f56bfc062723c751e8b465ee728b)
Start importing Assets/Scripts/Manager/Input.cs using Guid(fcd62d4afa97513498e31b3b46fe1dc7) Importer(815301076,1909f56bfc062723c751e8b465ee728b)  -> (artifact id: '7a407c7399bb01ccdbd4bfd99db547fb') in 0.002080 seconds
Number of updated asset objects reloaded before import = 0
Number of asset objects unloaded after import = 0
========================================================================
Received Prepare
Begin MonoManager ReloadAssembly
- Loaded All Assemblies, in  2.189 seconds
Refreshing native plugins compatible for Editor in 4.52 ms, found 4 plugins.
